Release 14.2 - xst P.28xd (nt)
Copyright (c) 1995-2012 Xilinx, Inc.  All rights reserved.
--> Parameter TMPDIR set to xst/projnav.tmp


Total REAL time to Xst completion: 3.00 secs
Total CPU time to Xst completion: 2.73 secs
 
--> Parameter xsthdpdir set to xst


Total REAL time to Xst completion: 3.00 secs
Total CPU time to Xst completion: 2.73 secs
 
--> Reading design: loop_top.prj

TABLE OF CONTENTS
  1) Synthesis Options Summary
  2) HDL Compilation
  3) Design Hierarchy Analysis
  4) HDL Analysis
  5) HDL Synthesis
     5.1) HDL Synthesis Report
  6) Advanced HDL Synthesis
     6.1) Advanced HDL Synthesis Report
  7) Low Level Synthesis
  8) Partition Report
  9) Final Report
	9.1) Device utilization summary
	9.2) Partition Resource Summary
	9.3) TIMING REPORT


=========================================================================
*                      Synthesis Options Summary                        *
=========================================================================
---- Source Parameters
Input File Name                    : "loop_top.prj"
Input Format                       : mixed
Ignore Synthesis Constraint File   : NO

---- Target Parameters
Output File Name                   : "loop_top"
Output Format                      : NGC
Target Device                      : xc3s100e-5-cp132

---- Source Options
Top Module Name                    : loop_top
Automatic FSM Extraction           : YES
FSM Encoding Algorithm             : Auto
Safe Implementation                : No
FSM Style                          : LUT
RAM Extraction                     : Yes
RAM Style                          : Auto
ROM Extraction                     : Yes
Mux Style                          : Auto
Decoder Extraction                 : YES
Priority Encoder Extraction        : Yes
Shift Register Extraction          : YES
Logical Shifter Extraction         : YES
XOR Collapsing                     : YES
ROM Style                          : Auto
Mux Extraction                     : Yes
Resource Sharing                   : YES
Asynchronous To Synchronous        : NO
Multiplier Style                   : Auto
Automatic Register Balancing       : No

---- Target Options
Add IO Buffers                     : YES
Global Maximum Fanout              : 500
Add Generic Clock Buffer(BUFG)     : 24
Register Duplication               : YES
Slice Packing                      : YES
Optimize Instantiated Primitives   : NO
Use Clock Enable                   : Yes
Use Synchronous Set                : Yes
Use Synchronous Reset              : Yes
Pack IO Registers into IOBs        : Auto
Equivalent register Removal        : YES

---- General Options
Optimization Goal                  : Speed
Optimization Effort                : 1
Keep Hierarchy                     : No
Netlist Hierarchy                  : As_Optimized
RTL Output                         : Yes
Global Optimization                : AllClockNets
Read Cores                         : YES
Write Timing Constraints           : NO
Cross Clock Analysis               : NO
Hierarchy Separator                : /
Bus Delimiter                      : <>
Case Specifier                     : Maintain
Slice Utilization Ratio            : 100
BRAM Utilization Ratio             : 100
Verilog 2001                       : YES
Auto BRAM Packing                  : NO
Slice Utilization Ratio Delta      : 5

=========================================================================


=========================================================================
*                          HDL Compilation                              *
=========================================================================
Compiling verilog file "loop.v" in library work
Module <loop_sub> compiled
Module <loop_top> compiled
No errors in compilation
Analysis of file <"loop_top.prj"> succeeded.
 

=========================================================================
*                     Design Hierarchy Analysis                         *
=========================================================================
Analyzing hierarchy for module <loop_top> in library <work>.

Analyzing hierarchy for module <loop_sub> in library <work>.


=========================================================================
*                            HDL Analysis                               *
=========================================================================
Analyzing top module <loop_top>.
Module <loop_top> is correct for synthesis.
 
Analyzing module <loop_sub> in library <work>.
Module <loop_sub> is correct for synthesis.
 

=========================================================================
*                           HDL Synthesis                               *
=========================================================================

Performing bidirectional port resolution...

Synthesizing Unit <loop_sub>.
    Related source file is "loop.v".
    Found 16x7-bit ROM for signal <a_to_g>.
    Summary:
	inferred   1 ROM(s).
Unit <loop_sub> synthesized.


Synthesizing Unit <loop_top>.
    Related source file is "loop.v".
    Found 29-bit up counter for signal <clk_cnt>.
    Summary:
	inferred   1 Counter(s).
Unit <loop_top> synthesized.


=========================================================================
HDL Synthesis Report

Macro Statistics
# ROMs                                                 : 1
 16x7-bit ROM                                          : 1
# Counters                                             : 1
 29-bit up counter                                     : 1

=========================================================================

=========================================================================
*                       Advanced HDL Synthesis                          *
=========================================================================


=========================================================================
Advanced HDL Synthesis Report

Macro Statistics
# ROMs                                                 : 1
 16x7-bit ROM                                          : 1
# Counters                                             : 1
 29-bit up counter                                     : 1

=========================================================================

=========================================================================
*                         Low Level Synthesis                           *
=========================================================================

Optimizing unit <loop_top> ...

Mapping all equations...
Building and optimizing final netlist ...
Found area constraint ratio of 100 (+ 5) on block loop_top, actual ratio is 2.

Final Macro Processing ...

=========================================================================
Final Register Report

Macro Statistics
# Registers                                            : 29
 Flip-Flops                                            : 29

=========================================================================

=========================================================================
*                           Partition Report                            *
=========================================================================

Partition Implementation Status
-------------------------------

  No Partitions were found in this design.

-------------------------------

=========================================================================
*                            Final Report                               *
=========================================================================
Final Results
RTL Top Level Output File Name     : loop_top.ngr
Top Level Output File Name         : loop_top
Output Format                      : NGC
Optimization Goal                  : Speed
Keep Hierarchy                     : No

Design Statistics
# IOs                              : 17

Cell Usage :
# BELS                             : 99
#      GND                         : 1
#      INV                         : 5
#      LUT1                        : 28
#      LUT4                        : 7
#      MUXCY                       : 28
#      VCC                         : 1
#      XORCY                       : 29
# FlipFlops/Latches                : 29
#      FDC                         : 29
# Clock Buffers                    : 1
#      BUFGP                       : 1
# IO Buffers                       : 16
#      IBUF                        : 5
#      OBUF                        : 11
=========================================================================

Device utilization summary:
---------------------------

Selected Device : 3s100ecp132-5 

 Number of Slices:                       19  out of    960     1%  
 Number of Slice Flip Flops:             29  out of   1920     1%  
 Number of 4 input LUTs:                 40  out of   1920     2%  
 Number of IOs:                          17
 Number of bonded IOBs:                  17  out of     83    20%  
 Number of GCLKs:                         1  out of     24     4%  

---------------------------
Partition Resource Summary:
---------------------------

  No Partitions were found in this design.

---------------------------


=========================================================================
TIMING REPORT

NOTE: THESE TIMING NUMBERS ARE ONLY A SYNTHESIS ESTIMATE.
      FOR ACCURATE TIMING INFORMATION PLEASE REFER TO THE TRACE REPORT
      GENERATED AFTER PLACE-and-ROUTE.

Clock Information:
------------------
-----------------------------------+------------------------+-------+
Clock Signal                       | Clock buffer(FF name)  | Load  |
-----------------------------------+------------------------+-------+
clk                                | BUFGP                  | 29    |
-----------------------------------+------------------------+-------+

Asynchronous Control Signals Information:
----------------------------------------
-----------------------------------+------------------------+-------+
Control Signal                     | Buffer(FF name)        | Load  |
-----------------------------------+------------------------+-------+
clr                                | IBUF                   | 29    |
-----------------------------------+------------------------+-------+

Timing Summary:
---------------
Speed Grade: -5

   Minimum period: 4.345ns (Maximum Frequency: 230.149MHz)
   Minimum input arrival time before clock: No path found
   Maximum output required time after clock: 5.447ns
   Maximum combinational path delay: 5.601ns

Timing Detail:
--------------
All values displayed in nanoseconds (ns)

=========================================================================
Timing constraint: Default period analysis for Clock 'clk'
  Clock period: 4.345ns (frequency: 230.149MHz)
  Total number of paths / destination ports: 435 / 29
-------------------------------------------------------------------------
Delay:               4.345ns (Levels of Logic = 29)
  Source:            clk_cnt_1 (FF)
  Destination:       clk_cnt_28 (FF)
  Source Clock:      clk rising
  Destination Clock: clk rising

  Data Path: clk_cnt_1 to clk_cnt_28
                                Gate     Net
    Cell:in->out      fanout   Delay   Delay  Logical Name (Net Name)
    ----------------------------------------  ------------
     FDC:C->Q              1   0.514   0.509  clk_cnt_1 (clk_cnt_1)
     LUT1:I0->O            1   0.612   0.000  Mcount_clk_cnt_cy<1>_rt (Mcount_clk_cnt_cy<1>_rt)
     MUXCY:S->O            1   0.404   0.000  Mcount_clk_cnt_cy<1> (Mcount_clk_cnt_cy<1>)
     MUXCY:CI->O           1   0.052   0.000  Mcount_clk_cnt_cy<2> (Mcount_clk_cnt_cy<2>)
     MUXCY:CI->O           1   0.052   0.000  Mcount_clk_cnt_cy<3> (Mcount_clk_cnt_cy<3>)
     MUXCY:CI->O           1   0.052   0.000  Mcount_clk_cnt_cy<4> (Mcount_clk_cnt_cy<4>)
     MUXCY:CI->O           1   0.052   0.000  Mcount_clk_cnt_cy<5> (Mcount_clk_cnt_cy<5>)
     MUXCY:CI->O           1   0.052   0.000  Mcount_clk_cnt_cy<6> (Mcount_clk_cnt_cy<6>)
     MUXCY:CI->O           1   0.052   0.000  Mcount_clk_cnt_cy<7> (Mcount_clk_cnt_cy<7>)
     MUXCY:CI->O           1   0.051   0.000  Mcount_clk_cnt_cy<8> (Mcount_clk_cnt_cy<8>)
     MUXCY:CI->O           1   0.051   0.000  Mcount_clk_cnt_cy<9> (Mcount_clk_cnt_cy<9>)
     MUXCY:CI->O           1   0.051   0.000  Mcount_clk_cnt_cy<10> (Mcount_clk_cnt_cy<10>)
     MUXCY:CI->O           1   0.051   0.000  Mcount_clk_cnt_cy<11> (Mcount_clk_cnt_cy<11>)
     MUXCY:CI->O           1   0.051   0.000  Mcount_clk_cnt_cy<12> (Mcount_clk_cnt_cy<12>)
     MUXCY:CI->O           1   0.051   0.000  Mcount_clk_cnt_cy<13> (Mcount_clk_cnt_cy<13>)
     MUXCY:CI->O           1   0.051   0.000  Mcount_clk_cnt_cy<14> (Mcount_clk_cnt_cy<14>)
     MUXCY:CI->O           1   0.051   0.000  Mcount_clk_cnt_cy<15> (Mcount_clk_cnt_cy<15>)
     MUXCY:CI->O           1   0.051   0.000  Mcount_clk_cnt_cy<16> (Mcount_clk_cnt_cy<16>)
     MUXCY:CI->O           1   0.051   0.000  Mcount_clk_cnt_cy<17> (Mcount_clk_cnt_cy<17>)
     MUXCY:CI->O           1   0.051   0.000  Mcount_clk_cnt_cy<18> (Mcount_clk_cnt_cy<18>)
     MUXCY:CI->O           1   0.051   0.000  Mcount_clk_cnt_cy<19> (Mcount_clk_cnt_cy<19>)
     MUXCY:CI->O           1   0.051   0.000  Mcount_clk_cnt_cy<20> (Mcount_clk_cnt_cy<20>)
     MUXCY:CI->O           1   0.051   0.000  Mcount_clk_cnt_cy<21> (Mcount_clk_cnt_cy<21>)
     MUXCY:CI->O           1   0.051   0.000  Mcount_clk_cnt_cy<22> (Mcount_clk_cnt_cy<22>)
     MUXCY:CI->O           1   0.051   0.000  Mcount_clk_cnt_cy<23> (Mcount_clk_cnt_cy<23>)
     MUXCY:CI->O           1   0.051   0.000  Mcount_clk_cnt_cy<24> (Mcount_clk_cnt_cy<24>)
     MUXCY:CI->O           1   0.051   0.000  Mcount_clk_cnt_cy<25> (Mcount_clk_cnt_cy<25>)
     MUXCY:CI->O           1   0.051   0.000  Mcount_clk_cnt_cy<26> (Mcount_clk_cnt_cy<26>)
     MUXCY:CI->O           0   0.051   0.000  Mcount_clk_cnt_cy<27> (Mcount_clk_cnt_cy<27>)
     XORCY:CI->O           1   0.699   0.000  Mcount_clk_cnt_xor<28> (Result<28>)
     FDC:D                     0.268          clk_cnt_28
    ----------------------------------------
    Total                      4.345ns (3.836ns logic, 0.509ns route)
                                       (88.3% logic, 11.7% route)

=========================================================================
Timing constraint: Default OFFSET OUT AFTER for Clock 'clk'
  Total number of paths / destination ports: 28 / 7
-------------------------------------------------------------------------
Offset:              5.447ns (Levels of Logic = 2)
  Source:            clk_cnt_25 (FF)
  Destination:       a_to_g<6> (PAD)
  Source Clock:      clk rising

  Data Path: clk_cnt_25 to a_to_g<6>
                                Gate     Net
    Cell:in->out      fanout   Delay   Delay  Logical Name (Net Name)
    ----------------------------------------  ------------
     FDC:C->Q              8   0.514   0.795  clk_cnt_25 (clk_cnt_25)
     LUT4:I0->O            1   0.612   0.357  A1/Mrom_a_to_g51 (a_to_g_5_OBUF)
     OBUF:I->O                 3.169          a_to_g_5_OBUF (a_to_g<5>)
    ----------------------------------------
    Total                      5.447ns (4.295ns logic, 1.152ns route)
                                       (78.8% logic, 21.2% route)

=========================================================================
Timing constraint: Default path analysis
  Total number of paths / destination ports: 4 / 4
-------------------------------------------------------------------------
Delay:               5.601ns (Levels of Logic = 3)
  Source:            SW<3> (PAD)
  Destination:       an<3> (PAD)

  Data Path: SW<3> to an<3>
                                Gate     Net
    Cell:in->out      fanout   Delay   Delay  Logical Name (Net Name)
    ----------------------------------------  ------------
     IBUF:I->O             1   1.106   0.357  SW_3_IBUF (SW_3_IBUF)
     INV:I->O              1   0.612   0.357  A1/an<3>1_INV_0 (an_3_OBUF)
     OBUF:I->O                 3.169          an_3_OBUF (an<3>)
    ----------------------------------------
    Total                      5.601ns (4.887ns logic, 0.714ns route)
                                       (87.3% logic, 12.7% route)

=========================================================================


Total REAL time to Xst completion: 8.00 secs
Total CPU time to Xst completion: 8.13 secs
 
--> 

Total memory usage is 183028 kilobytes

Number of errors   :    0 (   0 filtered)
Number of warnings :    0 (   0 filtered)
Number of infos    :    0 (   0 filtered)

